2023-01-30 12:09:56 error: uncaughtException: Route.post() requires a callback function but got a [object Undefined]
Error: Route.post() requires a callback function but got a [object Undefined]
    at Route.<computed> [as post] (C:\Users\Devops3\Downloads\typescript-express-starter-master\typescript-express-starter-master\lib\default\node_modules\express\lib\router\route.js:211:15)
    at Function.proto.<computed> [as post] (C:\Users\Devops3\Downloads\typescript-express-starter-master\typescript-express-starter-master\lib\default\node_modules\express\lib\router\index.js:521:19)
    at UsersRoute.initializeRoutes (C:\Users\Devops3\Downloads\typescript-express-starter-master\typescript-express-starter-master\lib\default\src\routes\users.route.ts:23:17)
    at new UsersRoute (C:\Users\Devops3\Downloads\typescript-express-starter-master\typescript-express-starter-master\lib\default\src\routes\users.route.ts:13:10)
    at Object.<anonymous> (C:\Users\Devops3\Downloads\typescript-express-starter-master\typescript-express-starter-master\lib\default\src\server.ts:9:40)
    at Module._compile (node:internal/modules/cjs/loader:1159:14)
    at Module.m._compile (C:\Users\Devops3\Downloads\typescript-express-starter-master\typescript-express-starter-master\lib\default\node_modules\ts-node\src\index.ts:1618:23)
    at Module._extensions..js (node:internal/modules/cjs/loader:1213:10)
    at Object.require.extensions.<computed> [as .ts] (C:\Users\Devops3\Downloads\typescript-express-starter-master\typescript-express-starter-master\lib\default\node_modules\ts-node\src\index.ts:1621:12)
    at Module.load (node:internal/modules/cjs/loader:1037:32)
2023-01-30 12:10:05 error: uncaughtException: Route.post() requires a callback function but got a [object Undefined]
Error: Route.post() requires a callback function but got a [object Undefined]
    at Route.<computed> [as post] (C:\Users\Devops3\Downloads\typescript-express-starter-master\typescript-express-starter-master\lib\default\node_modules\express\lib\router\route.js:211:15)
    at Function.proto.<computed> [as post] (C:\Users\Devops3\Downloads\typescript-express-starter-master\typescript-express-starter-master\lib\default\node_modules\express\lib\router\index.js:521:19)
    at UsersRoute.initializeRoutes (C:\Users\Devops3\Downloads\typescript-express-starter-master\typescript-express-starter-master\lib\default\src\routes\users.route.ts:23:17)
    at new UsersRoute (C:\Users\Devops3\Downloads\typescript-express-starter-master\typescript-express-starter-master\lib\default\src\routes\users.route.ts:13:10)
    at Object.<anonymous> (C:\Users\Devops3\Downloads\typescript-express-starter-master\typescript-express-starter-master\lib\default\src\server.ts:9:40)
    at Module._compile (node:internal/modules/cjs/loader:1159:14)
    at Module.m._compile (C:\Users\Devops3\Downloads\typescript-express-starter-master\typescript-express-starter-master\lib\default\node_modules\ts-node\src\index.ts:1618:23)
    at Module._extensions..js (node:internal/modules/cjs/loader:1213:10)
    at Object.require.extensions.<computed> [as .ts] (C:\Users\Devops3\Downloads\typescript-express-starter-master\typescript-express-starter-master\lib\default\node_modules\ts-node\src\index.ts:1621:12)
    at Module.load (node:internal/modules/cjs/loader:1037:32)
2023-01-30 12:29:57 error: [POST] /users >> StatusCode:: 400, Message:: property headers should not exist, property data should not exist, email must be an email, password must be a string
2023-01-30 12:31:12 error: [POST] /users >> StatusCode:: 400, Message:: property headers should not exist, property data should not exist, email must be an email, password must be a string
2023-01-30 12:39:48 error: [POST] /users >> StatusCode:: 400, Message:: property headers should not exist, property data should not exist, email must be an email, password must be a string
2023-01-30 12:43:15 error: uncaughtException: Missing authentication, or failed to authenticate
ApiError: Missing authentication, or failed to authenticate
    at Function.createFromResponse (C:\Users\Devops3\Downloads\typescript-express-starter-master\typescript-express-starter-master\lib\default\node_modules\@mollie\api-client\dist\mollie.cjs.js:355:12)
    at throwApiError (C:\Users\Devops3\Downloads\typescript-express-starter-master\typescript-express-starter-master\lib\default\node_modules\@mollie\api-client\dist\mollie.cjs.js:754:22)
    at processTicksAndRejections (node:internal/process/task_queues:95:5)
2023-01-30 12:46:18 error: uncaughtException: Missing authentication, or failed to authenticate
ApiError: Missing authentication, or failed to authenticate
    at Function.createFromResponse (C:\Users\Devops3\Downloads\typescript-express-starter-master\typescript-express-starter-master\lib\default\node_modules\@mollie\api-client\dist\mollie.cjs.js:355:12)
    at throwApiError (C:\Users\Devops3\Downloads\typescript-express-starter-master\typescript-express-starter-master\lib\default\node_modules\@mollie\api-client\dist\mollie.cjs.js:754:22)
    at processTicksAndRejections (node:internal/process/task_queues:95:5)
2023-01-30 12:46:57 error: uncaughtException: Missing authentication, or failed to authenticate
ApiError: Missing authentication, or failed to authenticate
    at Function.createFromResponse (C:\Users\Devops3\Downloads\typescript-express-starter-master\typescript-express-starter-master\lib\default\node_modules\@mollie\api-client\dist\mollie.cjs.js:355:12)
    at throwApiError (C:\Users\Devops3\Downloads\typescript-express-starter-master\typescript-express-starter-master\lib\default\node_modules\@mollie\api-client\dist\mollie.cjs.js:754:22)
    at processTicksAndRejections (node:internal/process/task_queues:95:5)
2023-01-30 12:47:57 error: uncaughtException: Missing authentication, or failed to authenticate
ApiError: Missing authentication, or failed to authenticate
    at Function.createFromResponse (C:\Users\Devops3\Downloads\typescript-express-starter-master\typescript-express-starter-master\lib\default\node_modules\@mollie\api-client\dist\mollie.cjs.js:355:12)
    at throwApiError (C:\Users\Devops3\Downloads\typescript-express-starter-master\typescript-express-starter-master\lib\default\node_modules\@mollie\api-client\dist\mollie.cjs.js:754:22)
    at processTicksAndRejections (node:internal/process/task_queues:95:5)
2023-01-30 12:48:14 error: uncaughtException: Missing authentication, or failed to authenticate
ApiError: Missing authentication, or failed to authenticate
    at Function.createFromResponse (C:\Users\Devops3\Downloads\typescript-express-starter-master\typescript-express-starter-master\lib\default\node_modules\@mollie\api-client\dist\mollie.cjs.js:355:12)
    at throwApiError (C:\Users\Devops3\Downloads\typescript-express-starter-master\typescript-express-starter-master\lib\default\node_modules\@mollie\api-client\dist\mollie.cjs.js:754:22)
    at processTicksAndRejections (node:internal/process/task_queues:95:5)
2023-01-30 12:48:23 error: uncaughtException: Missing authentication, or failed to authenticate
ApiError: Missing authentication, or failed to authenticate
    at Function.createFromResponse (C:\Users\Devops3\Downloads\typescript-express-starter-master\typescript-express-starter-master\lib\default\node_modules\@mollie\api-client\dist\mollie.cjs.js:355:12)
    at throwApiError (C:\Users\Devops3\Downloads\typescript-express-starter-master\typescript-express-starter-master\lib\default\node_modules\@mollie\api-client\dist\mollie.cjs.js:754:22)
    at processTicksAndRejections (node:internal/process/task_queues:95:5)
2023-01-30 12:52:34 error: uncaughtException: тип Unable to compile TypeScript:
[96msrc/services/users.service.ts[0m:[93m101[0m:[93m58[0m - [91merror[0m[90m TS1005: [0m',' expected.

[7m101[0m       const findCustomers = mollieClient.customers.page());
[7m   [0m [91m                                                         ~[0m

TSError: тип Unable to compile TypeScript:
[96msrc/services/users.service.ts[0m:[93m101[0m:[93m58[0m - [91merror[0m[90m TS1005: [0m',' expected.

[7m101[0m       const findCustomers = mollieClient.customers.page());
[7m   [0m [91m                                                         ~[0m

    at createTSError (C:\Users\Devops3\Downloads\typescript-express-starter-master\typescript-express-starter-master\lib\default\node_modules\ts-node\src\index.ts:859:12)
    at reportTSError (C:\Users\Devops3\Downloads\typescript-express-starter-master\typescript-express-starter-master\lib\default\node_modules\ts-node\src\index.ts:863:19)
    at C:\Users\Devops3\Downloads\typescript-express-starter-master\typescript-express-starter-master\lib\default\node_modules\ts-node\src\index.ts:1379:34
    at Object.compile (C:\Users\Devops3\Downloads\typescript-express-starter-master\typescript-express-starter-master\lib\default\node_modules\ts-node\src\index.ts:1458:13)
    at Module.m._compile (C:\Users\Devops3\Downloads\typescript-express-starter-master\typescript-express-starter-master\lib\default\node_modules\ts-node\src\index.ts:1617:30)
    at Module._extensions..js (node:internal/modules/cjs/loader:1213:10)
    at Object.require.extensions.<computed> [as .ts] (C:\Users\Devops3\Downloads\typescript-express-starter-master\typescript-express-starter-master\lib\default\node_modules\ts-node\src\index.ts:1621:12)
    at Module.load (node:internal/modules/cjs/loader:1037:32)
    at Function.Module._load (node:internal/modules/cjs/loader:878:12)
    at Module.require (node:internal/modules/cjs/loader:1061:19)
2023-01-30 12:52:38 error: uncaughtException: Missing authentication, or failed to authenticate
ApiError: Missing authentication, or failed to authenticate
    at Function.createFromResponse (C:\Users\Devops3\Downloads\typescript-express-starter-master\typescript-express-starter-master\lib\default\node_modules\@mollie\api-client\dist\mollie.cjs.js:355:12)
    at throwApiError (C:\Users\Devops3\Downloads\typescript-express-starter-master\typescript-express-starter-master\lib\default\node_modules\@mollie\api-client\dist\mollie.cjs.js:754:22)
    at processTicksAndRejections (node:internal/process/task_queues:95:5)
2023-01-30 12:56:43 error: uncaughtException: Missing authentication, or failed to authenticate
ApiError: Missing authentication, or failed to authenticate
    at Function.createFromResponse (C:\Users\Devops3\Downloads\typescript-express-starter-master\typescript-express-starter-master\lib\default\node_modules\@mollie\api-client\dist\mollie.cjs.js:355:12)
    at throwApiError (C:\Users\Devops3\Downloads\typescript-express-starter-master\typescript-express-starter-master\lib\default\node_modules\@mollie\api-client\dist\mollie.cjs.js:754:22)
    at processTicksAndRejections (node:internal/process/task_queues:95:5)
2023-01-30 12:58:08 error: uncaughtException: Missing authentication, or failed to authenticate
ApiError: Missing authentication, or failed to authenticate
    at Function.createFromResponse (C:\Users\Devops3\Downloads\typescript-express-starter-master\typescript-express-starter-master\lib\default\node_modules\@mollie\api-client\dist\mollie.cjs.js:355:12)
    at throwApiError (C:\Users\Devops3\Downloads\typescript-express-starter-master\typescript-express-starter-master\lib\default\node_modules\@mollie\api-client\dist\mollie.cjs.js:754:22)
    at processTicksAndRejections (node:internal/process/task_queues:95:5)
2023-01-30 12:59:04 error: uncaughtException: Missing authentication, or failed to authenticate
ApiError: Missing authentication, or failed to authenticate
    at Function.createFromResponse (C:\Users\Devops3\Downloads\typescript-express-starter-master\typescript-express-starter-master\lib\default\node_modules\@mollie\api-client\dist\mollie.cjs.js:355:12)
    at throwApiError (C:\Users\Devops3\Downloads\typescript-express-starter-master\typescript-express-starter-master\lib\default\node_modules\@mollie\api-client\dist\mollie.cjs.js:754:22)
    at processTicksAndRejections (node:internal/process/task_queues:95:5)
2023-01-30 13:06:36 error: uncaughtException: Missing authentication, or failed to authenticate
ApiError: Missing authentication, or failed to authenticate
    at Function.createFromResponse (C:\Users\Devops3\Downloads\typescript-express-starter-master\typescript-express-starter-master\lib\default\node_modules\@mollie\api-client\dist\mollie.cjs.js:355:12)
    at throwApiError (C:\Users\Devops3\Downloads\typescript-express-starter-master\typescript-express-starter-master\lib\default\node_modules\@mollie\api-client\dist\mollie.cjs.js:754:22)
    at processTicksAndRejections (node:internal/process/task_queues:95:5)
2023-01-30 13:08:29 error: [POST] /users >> StatusCode:: 500, Message:: Missing authentication, or failed to authenticate
2023-01-30 13:08:45 error: [POST] /users >> StatusCode:: 500, Message:: Missing authentication, or failed to authenticate
2023-01-30 13:09:45 error: [POST] /users >> StatusCode:: 500, Message:: Missing authentication, or failed to authenticate
2023-01-30 13:10:24 error: [POST] /users >> StatusCode:: 500, Message:: Missing authentication, or failed to authenticate
2023-01-30 13:11:21 error: [POST] /users >> StatusCode:: 400, Message:: property headers should not exist, property data should not exist, email must be an email, password must be a string
2023-01-30 13:12:38 error: [POST] /users >> StatusCode:: 500, Message:: Missing authentication, or failed to authenticate
2023-01-30 13:14:12 error: [POST] /users >> StatusCode:: 500, Message:: Missing authentication, or failed to authenticate
2023-01-30 13:15:55 error: [POST] /users >> StatusCode:: 500, Message:: Missing authentication, or failed to authenticate
2023-01-30 13:17:09 error: uncaughtException: Missing authentication, or failed to authenticate
ApiError: Missing authentication, or failed to authenticate
    at Function.createFromResponse (C:\Users\Devops3\Downloads\typescript-express-starter-master\typescript-express-starter-master\lib\default\node_modules\@mollie\api-client\dist\mollie.cjs.js:355:12)
    at throwApiError (C:\Users\Devops3\Downloads\typescript-express-starter-master\typescript-express-starter-master\lib\default\node_modules\@mollie\api-client\dist\mollie.cjs.js:754:22)
    at processTicksAndRejections (node:internal/process/task_queues:95:5)
2023-01-30 13:17:36 error: [POST] /users >> StatusCode:: 500, Message:: Missing authentication, or failed to authenticate
2023-01-30 13:20:26 error: [POST] /users >> StatusCode:: 400, Message:: Unexpected token } in JSON at position 232
2023-01-30 13:20:34 error: [POST] /users >> StatusCode:: 500, Message:: Missing authentication, or failed to authenticate
2023-01-30 13:22:26 error: [POST] /users >> StatusCode:: 500, Message:: Missing authentication, or failed to authenticate
2023-01-30 13:25:28 error: [POST] /users >> StatusCode:: 500, Message:: Missing authentication, or failed to authenticate
2023-01-30 13:27:03 error: [POST] /users >> StatusCode:: 500, Message:: Missing authentication, or failed to authenticate
2023-01-30 13:28:19 error: [POST] /users >> StatusCode:: 500, Message:: Missing authentication, or failed to authenticate
2023-01-30 13:54:27 error: [POST] /users >> StatusCode:: 500, Message:: Missing authentication, or failed to authenticate
2023-01-30 13:57:33 error: [POST] /users >> StatusCode:: 500, Message:: Missing authentication, or failed to authenticate
2023-01-30 13:58:21 error: [POST] /users >> StatusCode:: 500, Message:: Missing authentication, or failed to authenticate
2023-01-30 14:02:42 error: [POST] /users >> StatusCode:: 500, Message:: Missing authentication, or failed to authenticate
2023-01-30 14:34:15 error: [POST] /users >> StatusCode:: 500, Message:: Missing authentication, or failed to authenticate
2023-01-30 15:07:12 error: [GET] /users >> StatusCode:: 500, Message:: Cannot access 'payments' before initialization
2023-01-30 15:07:36 error: [GET] /users >> StatusCode:: 500, Message:: Cannot access 'payments' before initialization
2023-01-30 15:56:18 error: [GET] /users >> StatusCode:: 500, Message:: payments.includes is not a function
2023-01-30 18:11:57 error: [POST] /users >> StatusCode:: 500, Message:: Missing authentication, or failed to authenticate
2023-01-30 18:25:20 error: [POST] /users >> StatusCode:: 500, Message:: Missing authentication, or failed to authenticate
2023-01-30 18:27:07 error: [POST] /users >> StatusCode:: 500, Message:: Missing authentication, or failed to authenticate
2023-01-30 18:48:01 error: [POST] /users >> StatusCode:: 500, Message:: Missing authentication, or failed to authenticate
2023-01-30 18:48:25 error: [POST] /users >> StatusCode:: 500, Message:: Missing authentication, or failed to authenticate
